[19:11:58] [ServerMain/INFO]: Environment: Environment[sessionHost=https://sessionserver.mojang.com, servicesHost=https://api.minecraftservices.com, name=PROD]
[19:11:59] [ServerMain/INFO]: Loaded 1373 recipes
[19:11:59] [ServerMain/INFO]: Loaded 1484 advancements
[19:11:59] [Server thread/INFO]: Starting minecraft server version 1.21.5
[19:11:59] [Server thread/INFO]: Loading properties
[19:11:59] [Server thread/INFO]: Default game type: SURVIVAL
[19:11:59] [Server thread/INFO]: Generating keypair
[19:11:59] [Server console handler/ERROR]: Exception handling console input
java.io.IOException: Descripteur non valide
	at java.base/java.io.FileInputStream.readBytes(Native Method) ~[?:?]
	at java.base/java.io.FileInputStream.read(FileInputStream.java:328) ~[?:?]
	at java.base/java.lang.System$In.read(System.java:2252) ~[?:?]
	at java.base/java.io.BufferedInputStream.read1(BufferedInputStream.java:345) ~[?:?]
	at java.base/java.io.BufferedInputStream.implRead(BufferedInputStream.java:420) ~[?:?]
	at java.base/java.io.BufferedInputStream.read(BufferedInputStream.java:399) ~[?:?]
	at java.base/sun.nio.cs.StreamDecoder.readBytes(StreamDecoder.java:350) ~[?:?]
	at java.base/sun.nio.cs.StreamDecoder.implRead(StreamDecoder.java:393) ~[?:?]
	at java.base/sun.nio.cs.StreamDecoder.lockedRead(StreamDecoder.java:217) ~[?:?]
	at java.base/sun.nio.cs.StreamDecoder.read(StreamDecoder.java:171) ~[?:?]
	at java.base/java.io.InputStreamReader.read(InputStreamReader.java:190) ~[?:?]
	at java.base/java.io.BufferedReader.fill(BufferedReader.java:160) ~[?:?]
	at java.base/java.io.BufferedReader.implReadLine(BufferedReader.java:370) ~[?:?]
	at java.base/java.io.BufferedReader.readLine(BufferedReader.java:347) ~[?:?]
	at java.base/java.io.BufferedReader.readLine(BufferedReader.java:436) ~[?:?]
	at aqr$1.run(SourceFile:102) [server-1.21.5.jar:?]
[19:12:00] [Server thread/INFO]: Starting Minecraft server on *:25565
[19:12:00] [Server thread/INFO]: Using default channel type
[19:12:00] [Server thread/INFO]: Preparing level "world"
[19:12:00] [Server thread/INFO]: Preparing start region for dimension minecraft:overworld
[19:12:00] [Worker-Main-7/INFO]: Preparing spawn area: 0%
[19:12:00] [Worker-Main-7/INFO]: Preparing spawn area: 0%
[19:12:01] [Server thread/INFO]: Time elapsed: 672 ms
[19:12:01] [Server thread/INFO]: Done (0.885s)! For help, type "help"
[19:13:00] [Server thread/INFO]: Server empty for 60 seconds, pausing
[19:13:44] [Server thread/INFO]: Stopping server
[19:13:44] [Server thread/INFO]: Saving players
[19:13:44] [Server thread/INFO]: Saving worlds
[19:13:44] [Server thread/INFO]: Saving chunks for level 'ServerLevel[citrondrasil (Monde jolie pour de vrai)]'/minecraft:overworld
[19:13:44] [Server thread/INFO]: Saving chunks for level 'ServerLevel[citrondrasil (Monde jolie pour de vrai)]'/minecraft:the_nether
[19:13:44] [Server thread/INFO]: Saving chunks for level 'ServerLevel[citrondrasil (Monde jolie pour de vrai)]'/minecraft:the_end
[19:13:44] [Server thread/INFO]: ThreadedAnvilChunkStorage (world): All chunks are saved
[19:13:44] [Server thread/INFO]: ThreadedAnvilChunkStorage (DIM-1): All chunks are saved
[19:13:44] [Server thread/INFO]: ThreadedAnvilChunkStorage (DIM1): All chunks are saved
[19:13:44] [Server thread/INFO]: ThreadedAnvilChunkStorage: All dimensions are saved
